2015-05-15 09:51:01,957 - Parser Exception: velocity/codegen/entity.vm
org.apache.velocity.runtime.parser.ParseException: Encountered "$att" at line 35, column 56.
Was expecting one of:
    "," ...
    ")" ...
    
	at org.apache.velocity.runtime.parser.Parser.generateParseException(Parser.java:3679)
	at org.apache.velocity.runtime.parser.Parser.jj_consume_token(Parser.java:3558)
	at org.apache.velocity.runtime.parser.Parser.Method(Parser.java:1364)
	at org.apache.velocity.runtime.parser.Parser.Reference(Parser.java:1446)
	at org.apache.velocity.runtime.parser.Parser.Statement(Parser.java:357)
	at org.apache.velocity.runtime.parser.Parser.Directive(Parser.java:918)
	at org.apache.velocity.runtime.parser.Parser.Statement(Parser.java:379)
	at org.apache.velocity.runtime.parser.Parser.process(Parser.java:317)
	at org.apache.velocity.runtime.parser.Parser.parse(Parser.java:117)
	at org.apache.velocity.runtime.RuntimeInstance.parse(RuntimeInstance.java:1226)
	at org.apache.velocity.runtime.RuntimeInstance.parse(RuntimeInstance.java:1181)
	at org.apache.velocity.Template.process(Template.java:134)
	at org.apache.velocity.runtime.resource.ResourceManagerImpl.loadResource(ResourceManagerImpl.java:437)
	at org.apache.velocity.runtime.resource.ResourceManagerImpl.getResource(ResourceManagerImpl.java:352)
	at org.apache.velocity.runtime.RuntimeInstance.getTemplate(RuntimeInstance.java:1533)
	at org.apache.velocity.runtime.RuntimeInstance.getTemplate(RuntimeInstance.java:1514)
	at org.apache.velocity.app.VelocityEngine.getTemplate(VelocityEngine.java:373)
	at JavaClassesGenerator.generateClass(JavaClassGeneratorImpl.java:47)
	at com.seabware.genesyx.codegen.CodeGenerator.generatePojos(CodeGenerator.java:151)
	at com.seabware.genesyx.codegen.CodeGenerator.generateDomain(CodeGenerator.java:131)
	at com.seabware.genesyx.codegen.CodeGenerator.launch(CodeGenerator.java:83)
	at com.seabware.genesyx.codegen.CodeGeneratorTest.main(CodeGeneratorTest.java:15)
	at sun.reflect.NativeMethodAccessorImpl.invoke0(Native Method)
	at sun.reflect.NativeMethodAccessorImpl.invoke(NativeMethodAccessorImpl.java:57)
	at sun.reflect.DelegatingMethodAccessorImpl.invoke(DelegatingMethodAccessorImpl.java:43)
	at java.lang.reflect.Method.invoke(Method.java:606)
	at com.intellij.rt.execution.application.AppMain.main(AppMain.java:134)
2015-05-15 09:51:01,960 - ResourceManager.getResource() parse exception
org.apache.velocity.exception.ParseErrorException: Encountered "$att" at velocity/codegen/entity.vm[line 35, column 56]
Was expecting one of:
    "," ...
    ")" ...
    
	at org.apache.velocity.Template.process(Template.java:151)
	at org.apache.velocity.runtime.resource.ResourceManagerImpl.loadResource(ResourceManagerImpl.java:437)
	at org.apache.velocity.runtime.resource.ResourceManagerImpl.getResource(ResourceManagerImpl.java:352)
	at org.apache.velocity.runtime.RuntimeInstance.getTemplate(RuntimeInstance.java:1533)
	at org.apache.velocity.runtime.RuntimeInstance.getTemplate(RuntimeInstance.java:1514)
	at org.apache.velocity.app.VelocityEngine.getTemplate(VelocityEngine.java:373)
	at JavaClassesGenerator.generateClass(JavaClassGeneratorImpl.java:47)
	at com.seabware.genesyx.codegen.CodeGenerator.generatePojos(CodeGenerator.java:151)
	at com.seabware.genesyx.codegen.CodeGenerator.generateDomain(CodeGenerator.java:131)
	at com.seabware.genesyx.codegen.CodeGenerator.launch(CodeGenerator.java:83)
	at com.seabware.genesyx.codegen.CodeGeneratorTest.main(CodeGeneratorTest.java:15)
	at sun.reflect.NativeMethodAccessorImpl.invoke0(Native Method)
	at sun.reflect.NativeMethodAccessorImpl.invoke(NativeMethodAccessorImpl.java:57)
	at sun.reflect.DelegatingMethodAccessorImpl.invoke(DelegatingMethodAccessorImpl.java:43)
	at java.lang.reflect.Method.invoke(Method.java:606)
	at com.intellij.rt.execution.application.AppMain.main(AppMain.java:134)
2015-05-15 09:51:56,049 - Parser Exception: velocity/codegen/entity.vm
org.apache.velocity.runtime.parser.ParseException: Encountered "$att" at line 35, column 56.
Was expecting one of:
    "," ...
    ")" ...
    
	at org.apache.velocity.runtime.parser.Parser.generateParseException(Parser.java:3679)
	at org.apache.velocity.runtime.parser.Parser.jj_consume_token(Parser.java:3558)
	at org.apache.velocity.runtime.parser.Parser.Method(Parser.java:1364)
	at org.apache.velocity.runtime.parser.Parser.Reference(Parser.java:1446)
	at org.apache.velocity.runtime.parser.Parser.Statement(Parser.java:357)
	at org.apache.velocity.runtime.parser.Parser.Directive(Parser.java:918)
	at org.apache.velocity.runtime.parser.Parser.Statement(Parser.java:379)
	at org.apache.velocity.runtime.parser.Parser.process(Parser.java:317)
	at org.apache.velocity.runtime.parser.Parser.parse(Parser.java:117)
	at org.apache.velocity.runtime.RuntimeInstance.parse(RuntimeInstance.java:1226)
	at org.apache.velocity.runtime.RuntimeInstance.parse(RuntimeInstance.java:1181)
	at org.apache.velocity.Template.process(Template.java:134)
	at org.apache.velocity.runtime.resource.ResourceManagerImpl.loadResource(ResourceManagerImpl.java:437)
	at org.apache.velocity.runtime.resource.ResourceManagerImpl.getResource(ResourceManagerImpl.java:352)
	at org.apache.velocity.runtime.RuntimeInstance.getTemplate(RuntimeInstance.java:1533)
	at org.apache.velocity.runtime.RuntimeInstance.getTemplate(RuntimeInstance.java:1514)
	at org.apache.velocity.app.VelocityEngine.getTemplate(VelocityEngine.java:373)
	at JavaClassesGenerator.generateClass(JavaClassGeneratorImpl.java:47)
	at com.seabware.genesyx.codegen.CodeGenerator.generatePojos(CodeGenerator.java:151)
	at com.seabware.genesyx.codegen.CodeGenerator.generateDomain(CodeGenerator.java:131)
	at com.seabware.genesyx.codegen.CodeGenerator.launch(CodeGenerator.java:83)
	at com.seabware.genesyx.codegen.CodeGeneratorTest.main(CodeGeneratorTest.java:15)
	at sun.reflect.NativeMethodAccessorImpl.invoke0(Native Method)
	at sun.reflect.NativeMethodAccessorImpl.invoke(NativeMethodAccessorImpl.java:57)
	at sun.reflect.DelegatingMethodAccessorImpl.invoke(DelegatingMethodAccessorImpl.java:43)
	at java.lang.reflect.Method.invoke(Method.java:606)
	at com.intellij.rt.execution.application.AppMain.main(AppMain.java:134)
2015-05-15 09:51:56,052 - ResourceManager.getResource() parse exception
org.apache.velocity.exception.ParseErrorException: Encountered "$att" at velocity/codegen/entity.vm[line 35, column 56]
Was expecting one of:
    "," ...
    ")" ...
    
	at org.apache.velocity.Template.process(Template.java:151)
	at org.apache.velocity.runtime.resource.ResourceManagerImpl.loadResource(ResourceManagerImpl.java:437)
	at org.apache.velocity.runtime.resource.ResourceManagerImpl.getResource(ResourceManagerImpl.java:352)
	at org.apache.velocity.runtime.RuntimeInstance.getTemplate(RuntimeInstance.java:1533)
	at org.apache.velocity.runtime.RuntimeInstance.getTemplate(RuntimeInstance.java:1514)
	at org.apache.velocity.app.VelocityEngine.getTemplate(VelocityEngine.java:373)
	at JavaClassesGenerator.generateClass(JavaClassGeneratorImpl.java:47)
	at com.seabware.genesyx.codegen.CodeGenerator.generatePojos(CodeGenerator.java:151)
	at com.seabware.genesyx.codegen.CodeGenerator.generateDomain(CodeGenerator.java:131)
	at com.seabware.genesyx.codegen.CodeGenerator.launch(CodeGenerator.java:83)
	at com.seabware.genesyx.codegen.CodeGeneratorTest.main(CodeGeneratorTest.java:15)
	at sun.reflect.NativeMethodAccessorImpl.invoke0(Native Method)
	at sun.reflect.NativeMethodAccessorImpl.invoke(NativeMethodAccessorImpl.java:57)
	at sun.reflect.DelegatingMethodAccessorImpl.invoke(DelegatingMethodAccessorImpl.java:43)
	at java.lang.reflect.Method.invoke(Method.java:606)
	at com.intellij.rt.execution.application.AppMain.main(AppMain.java:134)
2015-05-15 14:19:32,956 - Parser Exception: velocity/codegen/entity.vm
org.apache.velocity.runtime.parser.ParseException: Encountered "cascade" at line 53, column 92.
Was expecting one of:
    <RPAREN> ...
    <WHITESPACE> ...
    "-" ...
    "+" ...
    "*" ...
    "/" ...
    "%" ...
    <LOGICAL_AND> ...
    <LOGICAL_OR> ...
    <LOGICAL_LT> ...
    <LOGICAL_LE> ...
    <LOGICAL_GT> ...
    <LOGICAL_GE> ...
    <LOGICAL_EQUALS> ...
    <LOGICAL_NOT_EQUALS> ...
    
	at org.apache.velocity.runtime.parser.Parser.generateParseException(Parser.java:3679)
	at org.apache.velocity.runtime.parser.Parser.jj_consume_token(Parser.java:3558)
	at org.apache.velocity.runtime.parser.Parser.SetDirective(Parser.java:1972)
	at org.apache.velocity.runtime.parser.Parser.Statement(Parser.java:369)
	at org.apache.velocity.runtime.parser.Parser.ElseStatement(Parser.java:1804)
	at org.apache.velocity.runtime.parser.Parser.IfStatement(Parser.java:1734)
	at org.apache.velocity.runtime.parser.Parser.Statement(Parser.java:352)
	at org.apache.velocity.runtime.parser.Parser.IfStatement(Parser.java:1692)
	at org.apache.velocity.runtime.parser.Parser.Statement(Parser.java:352)
	at org.apache.velocity.runtime.parser.Parser.Directive(Parser.java:918)
	at org.apache.velocity.runtime.parser.Parser.Statement(Parser.java:379)
	at org.apache.velocity.runtime.parser.Parser.process(Parser.java:317)
	at org.apache.velocity.runtime.parser.Parser.parse(Parser.java:117)
	at org.apache.velocity.runtime.RuntimeInstance.parse(RuntimeInstance.java:1226)
	at org.apache.velocity.runtime.RuntimeInstance.parse(RuntimeInstance.java:1181)
	at org.apache.velocity.Template.process(Template.java:134)
	at org.apache.velocity.runtime.resource.ResourceManagerImpl.loadResource(ResourceManagerImpl.java:437)
	at org.apache.velocity.runtime.resource.ResourceManagerImpl.getResource(ResourceManagerImpl.java:352)
	at org.apache.velocity.runtime.RuntimeInstance.getTemplate(RuntimeInstance.java:1533)
	at org.apache.velocity.runtime.RuntimeInstance.getTemplate(RuntimeInstance.java:1514)
	at org.apache.velocity.app.VelocityEngine.getTemplate(VelocityEngine.java:373)
	at JavaClassesGenerator.generateClass(JavaClassGeneratorImpl.java:47)
	at com.seabware.genesyx.codegen.CodeGenerator.generatePojos(CodeGenerator.java:151)
	at com.seabware.genesyx.codegen.CodeGenerator.generateDomain(CodeGenerator.java:131)
	at com.seabware.genesyx.codegen.CodeGenerator.launch(CodeGenerator.java:83)
	at com.seabware.genesyx.codegen.CodeGeneratorTest.main(CodeGeneratorTest.java:15)
	at sun.reflect.NativeMethodAccessorImpl.invoke0(Native Method)
	at sun.reflect.NativeMethodAccessorImpl.invoke(NativeMethodAccessorImpl.java:57)
	at sun.reflect.DelegatingMethodAccessorImpl.invoke(DelegatingMethodAccessorImpl.java:43)
	at java.lang.reflect.Method.invoke(Method.java:606)
	at com.intellij.rt.execution.application.AppMain.main(AppMain.java:134)
2015-05-15 14:19:32,996 - ResourceManager.getResource() parse exception
org.apache.velocity.exception.ParseErrorException: Encountered "cascade" at velocity/codegen/entity.vm[line 53, column 92]
Was expecting one of:
    <RPAREN> ...
    <WHITESPACE> ...
    "-" ...
    "+" ...
    "*" ...
    "/" ...
    "%" ...
    <LOGICAL_AND> ...
    <LOGICAL_OR> ...
    <LOGICAL_LT> ...
    <LOGICAL_LE> ...
    <LOGICAL_GT> ...
    <LOGICAL_GE> ...
    <LOGICAL_EQUALS> ...
    <LOGICAL_NOT_EQUALS> ...
    
	at org.apache.velocity.Template.process(Template.java:151)
	at org.apache.velocity.runtime.resource.ResourceManagerImpl.loadResource(ResourceManagerImpl.java:437)
	at org.apache.velocity.runtime.resource.ResourceManagerImpl.getResource(ResourceManagerImpl.java:352)
	at org.apache.velocity.runtime.RuntimeInstance.getTemplate(RuntimeInstance.java:1533)
	at org.apache.velocity.runtime.RuntimeInstance.getTemplate(RuntimeInstance.java:1514)
	at org.apache.velocity.app.VelocityEngine.getTemplate(VelocityEngine.java:373)
	at JavaClassesGenerator.generateClass(JavaClassGeneratorImpl.java:47)
	at com.seabware.genesyx.codegen.CodeGenerator.generatePojos(CodeGenerator.java:151)
	at com.seabware.genesyx.codegen.CodeGenerator.generateDomain(CodeGenerator.java:131)
	at com.seabware.genesyx.codegen.CodeGenerator.launch(CodeGenerator.java:83)
	at com.seabware.genesyx.codegen.CodeGeneratorTest.main(CodeGeneratorTest.java:15)
	at sun.reflect.NativeMethodAccessorImpl.invoke0(Native Method)
	at sun.reflect.NativeMethodAccessorImpl.invoke(NativeMethodAccessorImpl.java:57)
	at sun.reflect.DelegatingMethodAccessorImpl.invoke(DelegatingMethodAccessorImpl.java:43)
	at java.lang.reflect.Method.invoke(Method.java:606)
	at com.intellij.rt.execution.application.AppMain.main(AppMain.java:134)
2015-05-15 14:22:03,491 - Parser Exception: velocity/codegen/entity.vm
org.apache.velocity.runtime.parser.ParseException: Encountered "get" at line 53, column 55.
Was expecting one of:
    "[" ...
    "{" ...
    "(" ...
    <STRING_LITERAL> ...
    "true" ...
    "false" ...
    <INTEGER_LITERAL> ...
    <FLOATING_POINT_LITERAL> ...
    <IDENTIFIER> ...
    "{" ...
    "[" ...
    
	at org.apache.velocity.runtime.parser.Parser.generateParseException(Parser.java:3679)
	at org.apache.velocity.runtime.parser.Parser.jj_consume_token(Parser.java:3558)
	at org.apache.velocity.runtime.parser.Parser.PrimaryExpression(Parser.java:2644)
	at org.apache.velocity.runtime.parser.Parser.UnaryExpression(Parser.java:2586)
	at org.apache.velocity.runtime.parser.Parser.MultiplicativeExpression(Parser.java:2435)
	at org.apache.velocity.runtime.parser.Parser.AdditiveExpression(Parser.java:2378)
	at org.apache.velocity.runtime.parser.Parser.RelationalExpression(Parser.java:2227)
	at org.apache.velocity.runtime.parser.Parser.EqualityExpression(Parser.java:2151)
	at org.apache.velocity.runtime.parser.Parser.ConditionalAndExpression(Parser.java:2111)
	at org.apache.velocity.runtime.parser.Parser.ConditionalOrExpression(Parser.java:2071)
	at org.apache.velocity.runtime.parser.Parser.Expression(Parser.java:2018)
	at org.apache.velocity.runtime.parser.Parser.SetDirective(Parser.java:1971)
	at org.apache.velocity.runtime.parser.Parser.Statement(Parser.java:369)
	at org.apache.velocity.runtime.parser.Parser.ElseStatement(Parser.java:1804)
	at org.apache.velocity.runtime.parser.Parser.IfStatement(Parser.java:1734)
	at org.apache.velocity.runtime.parser.Parser.Statement(Parser.java:352)
	at org.apache.velocity.runtime.parser.Parser.IfStatement(Parser.java:1692)
	at org.apache.velocity.runtime.parser.Parser.Statement(Parser.java:352)
	at org.apache.velocity.runtime.parser.Parser.Directive(Parser.java:918)
	at org.apache.velocity.runtime.parser.Parser.Statement(Parser.java:379)
	at org.apache.velocity.runtime.parser.Parser.process(Parser.java:317)
	at org.apache.velocity.runtime.parser.Parser.parse(Parser.java:117)
	at org.apache.velocity.runtime.RuntimeInstance.parse(RuntimeInstance.java:1226)
	at org.apache.velocity.runtime.RuntimeInstance.parse(RuntimeInstance.java:1181)
	at org.apache.velocity.Template.process(Template.java:134)
	at org.apache.velocity.runtime.resource.ResourceManagerImpl.loadResource(ResourceManagerImpl.java:437)
	at org.apache.velocity.runtime.resource.ResourceManagerImpl.getResource(ResourceManagerImpl.java:352)
	at org.apache.velocity.runtime.RuntimeInstance.getTemplate(RuntimeInstance.java:1533)
	at org.apache.velocity.runtime.RuntimeInstance.getTemplate(RuntimeInstance.java:1514)
	at org.apache.velocity.app.VelocityEngine.getTemplate(VelocityEngine.java:373)
	at JavaClassesGenerator.generateClass(JavaClassGeneratorImpl.java:47)
	at com.seabware.genesyx.codegen.CodeGenerator.generatePojos(CodeGenerator.java:151)
	at com.seabware.genesyx.codegen.CodeGenerator.generateDomain(CodeGenerator.java:131)
	at com.seabware.genesyx.codegen.CodeGenerator.launch(CodeGenerator.java:83)
	at com.seabware.genesyx.codegen.CodeGeneratorTest.main(CodeGeneratorTest.java:15)
	at sun.reflect.NativeMethodAccessorImpl.invoke0(Native Method)
	at sun.reflect.NativeMethodAccessorImpl.invoke(NativeMethodAccessorImpl.java:57)
	at sun.reflect.DelegatingMethodAccessorImpl.invoke(DelegatingMethodAccessorImpl.java:43)
	at java.lang.reflect.Method.invoke(Method.java:606)
	at com.intellij.rt.execution.application.AppMain.main(AppMain.java:134)
2015-05-15 14:22:03,493 - ResourceManager.getResource() parse exception
org.apache.velocity.exception.ParseErrorException: Encountered "get" at velocity/codegen/entity.vm[line 53, column 55]
Was expecting one of:
    "[" ...
    "{" ...
    "(" ...
    <STRING_LITERAL> ...
    "true" ...
    "false" ...
    <INTEGER_LITERAL> ...
    <FLOATING_POINT_LITERAL> ...
    <IDENTIFIER> ...
    "{" ...
    "[" ...
    
	at org.apache.velocity.Template.process(Template.java:151)
	at org.apache.velocity.runtime.resource.ResourceManagerImpl.loadResource(ResourceManagerImpl.java:437)
	at org.apache.velocity.runtime.resource.ResourceManagerImpl.getResource(ResourceManagerImpl.java:352)
	at org.apache.velocity.runtime.RuntimeInstance.getTemplate(RuntimeInstance.java:1533)
	at org.apache.velocity.runtime.RuntimeInstance.getTemplate(RuntimeInstance.java:1514)
	at org.apache.velocity.app.VelocityEngine.getTemplate(VelocityEngine.java:373)
	at JavaClassesGenerator.generateClass(JavaClassGeneratorImpl.java:47)
	at com.seabware.genesyx.codegen.CodeGenerator.generatePojos(CodeGenerator.java:151)
	at com.seabware.genesyx.codegen.CodeGenerator.generateDomain(CodeGenerator.java:131)
	at com.seabware.genesyx.codegen.CodeGenerator.launch(CodeGenerator.java:83)
	at com.seabware.genesyx.codegen.CodeGeneratorTest.main(CodeGeneratorTest.java:15)
	at sun.reflect.NativeMethodAccessorImpl.invoke0(Native Method)
	at sun.reflect.NativeMethodAccessorImpl.invoke(NativeMethodAccessorImpl.java:57)
	at sun.reflect.DelegatingMethodAccessorImpl.invoke(DelegatingMethodAccessorImpl.java:43)
	at java.lang.reflect.Method.invoke(Method.java:606)
	at com.intellij.rt.execution.application.AppMain.main(AppMain.java:134)
2015-05-15 16:21:47,437 - Parser Exception: velocity/codegen/entity.vm
org.apache.velocity.runtime.parser.ParseException: Encountered "EnumType" at line 88, column 30.
Was expecting one of:
    "[" ...
    "{" ...
    "(" ...
    <STRING_LITERAL> ...
    "true" ...
    "false" ...
    <INTEGER_LITERAL> ...
    <FLOATING_POINT_LITERAL> ...
    <IDENTIFIER> ...
    "{" ...
    "[" ...
    
	at org.apache.velocity.runtime.parser.Parser.generateParseException(Parser.java:3679)
	at org.apache.velocity.runtime.parser.Parser.jj_consume_token(Parser.java:3558)
	at org.apache.velocity.runtime.parser.Parser.PrimaryExpression(Parser.java:2644)
	at org.apache.velocity.runtime.parser.Parser.UnaryExpression(Parser.java:2586)
	at org.apache.velocity.runtime.parser.Parser.MultiplicativeExpression(Parser.java:2435)
	at org.apache.velocity.runtime.parser.Parser.AdditiveExpression(Parser.java:2378)
	at org.apache.velocity.runtime.parser.Parser.RelationalExpression(Parser.java:2227)
	at org.apache.velocity.runtime.parser.Parser.EqualityExpression(Parser.java:2151)
	at org.apache.velocity.runtime.parser.Parser.ConditionalAndExpression(Parser.java:2111)
	at org.apache.velocity.runtime.parser.Parser.ConditionalOrExpression(Parser.java:2071)
	at org.apache.velocity.runtime.parser.Parser.Expression(Parser.java:2018)
	at org.apache.velocity.runtime.parser.Parser.SetDirective(Parser.java:1971)
	at org.apache.velocity.runtime.parser.Parser.Statement(Parser.java:369)
	at org.apache.velocity.runtime.parser.Parser.IfStatement(Parser.java:1692)
	at org.apache.velocity.runtime.parser.Parser.Statement(Parser.java:352)
	at org.apache.velocity.runtime.parser.Parser.IfStatement(Parser.java:1692)
	at org.apache.velocity.runtime.parser.Parser.Statement(Parser.java:352)
	at org.apache.velocity.runtime.parser.Parser.Directive(Parser.java:918)
	at org.apache.velocity.runtime.parser.Parser.Statement(Parser.java:379)
	at org.apache.velocity.runtime.parser.Parser.process(Parser.java:317)
	at org.apache.velocity.runtime.parser.Parser.parse(Parser.java:117)
	at org.apache.velocity.runtime.RuntimeInstance.parse(RuntimeInstance.java:1226)
	at org.apache.velocity.runtime.RuntimeInstance.parse(RuntimeInstance.java:1181)
	at org.apache.velocity.Template.process(Template.java:134)
	at org.apache.velocity.runtime.resource.ResourceManagerImpl.loadResource(ResourceManagerImpl.java:437)
	at org.apache.velocity.runtime.resource.ResourceManagerImpl.getResource(ResourceManagerImpl.java:352)
	at org.apache.velocity.runtime.RuntimeInstance.getTemplate(RuntimeInstance.java:1533)
	at org.apache.velocity.runtime.RuntimeInstance.getTemplate(RuntimeInstance.java:1514)
	at org.apache.velocity.app.VelocityEngine.getTemplate(VelocityEngine.java:373)
	at JavaClassesGenerator.generateClass(JavaClassGeneratorImpl.java:47)
	at com.seabware.genesyx.codegen.CodeGenerator.generatePojos(CodeGenerator.java:151)
	at com.seabware.genesyx.codegen.CodeGenerator.generateDomain(CodeGenerator.java:131)
	at com.seabware.genesyx.codegen.CodeGenerator.launch(CodeGenerator.java:83)
	at com.seabware.genesyx.codegen.CodeGeneratorTest.main(CodeGeneratorTest.java:15)
	at sun.reflect.NativeMethodAccessorImpl.invoke0(Native Method)
	at sun.reflect.NativeMethodAccessorImpl.invoke(NativeMethodAccessorImpl.java:57)
	at sun.reflect.DelegatingMethodAccessorImpl.invoke(DelegatingMethodAccessorImpl.java:43)
	at java.lang.reflect.Method.invoke(Method.java:606)
	at com.intellij.rt.execution.application.AppMain.main(AppMain.java:134)
2015-05-15 16:21:47,440 - ResourceManager.getResource() parse exception
org.apache.velocity.exception.ParseErrorException: Encountered "EnumType" at velocity/codegen/entity.vm[line 88, column 30]
Was expecting one of:
    "[" ...
    "{" ...
    "(" ...
    <STRING_LITERAL> ...
    "true" ...
    "false" ...
    <INTEGER_LITERAL> ...
    <FLOATING_POINT_LITERAL> ...
    <IDENTIFIER> ...
    "{" ...
    "[" ...
    
	at org.apache.velocity.Template.process(Template.java:151)
	at org.apache.velocity.runtime.resource.ResourceManagerImpl.loadResource(ResourceManagerImpl.java:437)
	at org.apache.velocity.runtime.resource.ResourceManagerImpl.getResource(ResourceManagerImpl.java:352)
	at org.apache.velocity.runtime.RuntimeInstance.getTemplate(RuntimeInstance.java:1533)
	at org.apache.velocity.runtime.RuntimeInstance.getTemplate(RuntimeInstance.java:1514)
	at org.apache.velocity.app.VelocityEngine.getTemplate(VelocityEngine.java:373)
	at JavaClassesGenerator.generateClass(JavaClassGeneratorImpl.java:47)
	at com.seabware.genesyx.codegen.CodeGenerator.generatePojos(CodeGenerator.java:151)
	at com.seabware.genesyx.codegen.CodeGenerator.generateDomain(CodeGenerator.java:131)
	at com.seabware.genesyx.codegen.CodeGenerator.launch(CodeGenerator.java:83)
	at com.seabware.genesyx.codegen.CodeGeneratorTest.main(CodeGeneratorTest.java:15)
	at sun.reflect.NativeMethodAccessorImpl.invoke0(Native Method)
	at sun.reflect.NativeMethodAccessorImpl.invoke(NativeMethodAccessorImpl.java:57)
	at sun.reflect.DelegatingMethodAccessorImpl.invoke(DelegatingMethodAccessorImpl.java:43)
	at java.lang.reflect.Method.invoke(Method.java:606)
	at com.intellij.rt.execution.application.AppMain.main(AppMain.java:134)
2015-05-15 16:22:33,631 - Parser Exception: velocity/codegen/entity.vm
org.apache.velocity.runtime.parser.ParseException: Encountered "#end\n" at line 89, column 1.
Was expecting one of:
    <RPAREN> ...
    "-" ...
    "+" ...
    "*" ...
    "/" ...
    "%" ...
    <LOGICAL_AND> ...
    <LOGICAL_OR> ...
    <LOGICAL_LT> ...
    <LOGICAL_LE> ...
    <LOGICAL_GT> ...
    <LOGICAL_GE> ...
    <LOGICAL_EQUALS> ...
    <LOGICAL_NOT_EQUALS> ...
    
	at org.apache.velocity.runtime.parser.Parser.generateParseException(Parser.java:3679)
	at org.apache.velocity.runtime.parser.Parser.jj_consume_token(Parser.java:3558)
	at org.apache.velocity.runtime.parser.Parser.SetDirective(Parser.java:1972)
	at org.apache.velocity.runtime.parser.Parser.Statement(Parser.java:369)
	at org.apache.velocity.runtime.parser.Parser.IfStatement(Parser.java:1692)
	at org.apache.velocity.runtime.parser.Parser.Statement(Parser.java:352)
	at org.apache.velocity.runtime.parser.Parser.IfStatement(Parser.java:1692)
	at org.apache.velocity.runtime.parser.Parser.Statement(Parser.java:352)
	at org.apache.velocity.runtime.parser.Parser.Directive(Parser.java:918)
	at org.apache.velocity.runtime.parser.Parser.Statement(Parser.java:379)
	at org.apache.velocity.runtime.parser.Parser.process(Parser.java:317)
	at org.apache.velocity.runtime.parser.Parser.parse(Parser.java:117)
	at org.apache.velocity.runtime.RuntimeInstance.parse(RuntimeInstance.java:1226)
	at org.apache.velocity.runtime.RuntimeInstance.parse(RuntimeInstance.java:1181)
	at org.apache.velocity.Template.process(Template.java:134)
	at org.apache.velocity.runtime.resource.ResourceManagerImpl.loadResource(ResourceManagerImpl.java:437)
	at org.apache.velocity.runtime.resource.ResourceManagerImpl.getResource(ResourceManagerImpl.java:352)
	at org.apache.velocity.runtime.RuntimeInstance.getTemplate(RuntimeInstance.java:1533)
	at org.apache.velocity.runtime.RuntimeInstance.getTemplate(RuntimeInstance.java:1514)
	at org.apache.velocity.app.VelocityEngine.getTemplate(VelocityEngine.java:373)
	at JavaClassesGenerator.generateClass(JavaClassGeneratorImpl.java:47)
	at com.seabware.genesyx.codegen.CodeGenerator.generatePojos(CodeGenerator.java:151)
	at com.seabware.genesyx.codegen.CodeGenerator.generateDomain(CodeGenerator.java:131)
	at com.seabware.genesyx.codegen.CodeGenerator.launch(CodeGenerator.java:83)
	at com.seabware.genesyx.codegen.CodeGeneratorTest.main(CodeGeneratorTest.java:15)
	at sun.reflect.NativeMethodAccessorImpl.invoke0(Native Method)
	at sun.reflect.NativeMethodAccessorImpl.invoke(NativeMethodAccessorImpl.java:57)
	at sun.reflect.DelegatingMethodAccessorImpl.invoke(DelegatingMethodAccessorImpl.java:43)
	at java.lang.reflect.Method.invoke(Method.java:606)
	at com.intellij.rt.execution.application.AppMain.main(AppMain.java:134)
2015-05-15 16:22:33,634 - ResourceManager.getResource() parse exception
org.apache.velocity.exception.ParseErrorException: Encountered "#end\n" at velocity/codegen/entity.vm[line 89, column 1]
Was expecting one of:
    <RPAREN> ...
    "-" ...
    "+" ...
    "*" ...
    "/" ...
    "%" ...
    <LOGICAL_AND> ...
    <LOGICAL_OR> ...
    <LOGICAL_LT> ...
    <LOGICAL_LE> ...
    <LOGICAL_GT> ...
    <LOGICAL_GE> ...
    <LOGICAL_EQUALS> ...
    <LOGICAL_NOT_EQUALS> ...
    
	at org.apache.velocity.Template.process(Template.java:151)
	at org.apache.velocity.runtime.resource.ResourceManagerImpl.loadResource(ResourceManagerImpl.java:437)
	at org.apache.velocity.runtime.resource.ResourceManagerImpl.getResource(ResourceManagerImpl.java:352)
	at org.apache.velocity.runtime.RuntimeInstance.getTemplate(RuntimeInstance.java:1533)
	at org.apache.velocity.runtime.RuntimeInstance.getTemplate(RuntimeInstance.java:1514)
	at org.apache.velocity.app.VelocityEngine.getTemplate(VelocityEngine.java:373)
	at JavaClassesGenerator.generateClass(JavaClassGeneratorImpl.java:47)
	at com.seabware.genesyx.codegen.CodeGenerator.generatePojos(CodeGenerator.java:151)
	at com.seabware.genesyx.codegen.CodeGenerator.generateDomain(CodeGenerator.java:131)
	at com.seabware.genesyx.codegen.CodeGenerator.launch(CodeGenerator.java:83)
	at com.seabware.genesyx.codegen.CodeGeneratorTest.main(CodeGeneratorTest.java:15)
	at sun.reflect.NativeMethodAccessorImpl.invoke0(Native Method)
	at sun.reflect.NativeMethodAccessorImpl.invoke(NativeMethodAccessorImpl.java:57)
	at sun.reflect.DelegatingMethodAccessorImpl.invoke(DelegatingMethodAccessorImpl.java:43)
	at java.lang.reflect.Method.invoke(Method.java:606)
	at com.intellij.rt.execution.application.AppMain.main(AppMain.java:134)
