2015-09-04 09:20:00,513 (main) INFO  [org.springframework.context.support.ClassPathXmlApplicationContext] - Refreshing org.springframework.context.support.ClassPathXmlApplicationContext@7fa17f0: startup date [Fri Sep 04 09:20:00 EDT 2015]; root of context hierarchy
2015-09-04 09:20:02,122 (main) INFO  [org.springframework.beans.factory.xml.XmlBeanDefinitionReader] - Loading XML bean definitions from class path resource [spring/beans-spring.xml]
2015-09-04 09:20:02,477 (main) INFO  [org.springframework.beans.factory.support.DefaultListableBeanFactory] - Pre-instantiating singletons in org.springframework.beans.factory.support.DefaultListableBeanFactory@8732b94: defining beans [org.springframework.context.annotation.internalConfigurationAnnotationProcessor,org.springframework.context.annotation.internalAutowiredAnnotationProcessor,org.springframework.context.annotation.internalRequiredAnnotationProcessor,org.springframework.context.annotation.internalCommonAnnotationProcessor,javaClassGenerator,org.springframework.context.annotation.ConfigurationClassPostProcessor.importAwareProcessor]; root of factory hierarchy
2015-09-04 09:20:02,498 (main) INFO  [com.seabware.genesyx.codegen.CodeGenerator] - Code Generator started...
2015-09-04 09:20:02,498 (main) INFO  [com.seabware.genesyx.codegen.CodeGenerator] - Parsing arguments...
2015-09-04 09:20:02,498 (main) INFO  [com.seabware.genesyx.codegen.CodeGenerator] - Domain loading process started...
2015-09-04 09:20:02,673 (main) INFO  [com.seabware.genesyx.codegen.CodeGenerator] - Domain validation process started...
2015-09-04 09:20:02,673 (main) INFO  [com.seabware.genesyx.codegen.CodeGenerator] - Domain writing process started...
2015-09-04 09:20:02,673 (main) INFO  [com.seabware.genesyx.codegen.CodeGenerator] - Java Pojo's creation process started...
2015-09-04 09:20:02,673 (main) INFO  [JavaClassesGenerator] - Class Person generated!
2015-09-04 09:20:02,839 (main) INFO  [JavaClassesGenerator] - Class User generated!
2015-09-04 09:20:02,863 (main) INFO  [JavaClassesGenerator] - Class Customer generated!
2015-09-04 11:19:49,625 (main) INFO  [org.springframework.context.support.ClassPathXmlApplicationContext] - Refreshing org.springframework.context.support.ClassPathXmlApplicationContext@bca337c: startup date [Fri Sep 04 11:19:49 EDT 2015]; root of context hierarchy
2015-09-04 11:19:49,682 (main) INFO  [org.springframework.beans.factory.xml.XmlBeanDefinitionReader] - Loading XML bean definitions from class path resource [spring/beans-spring.xml]
2015-09-04 11:19:49,980 (main) INFO  [org.springframework.beans.factory.support.DefaultListableBeanFactory] - Pre-instantiating singletons in org.springframework.beans.factory.support.DefaultListableBeanFactory@8732b94: defining beans [org.springframework.context.annotation.internalConfigurationAnnotationProcessor,org.springframework.context.annotation.internalAutowiredAnnotationProcessor,org.springframework.context.annotation.internalRequiredAnnotationProcessor,org.springframework.context.annotation.internalCommonAnnotationProcessor,javaClassesGenerator,org.springframework.context.annotation.ConfigurationClassPostProcessor.importAwareProcessor]; root of factory hierarchy
2015-09-04 11:19:50,001 (main) INFO  [com.seabware.genesyx.codegen.CodeGenerator] - Code Generator started...
2015-09-04 11:19:50,001 (main) INFO  [com.seabware.genesyx.codegen.CodeGenerator] - Parsing arguments...
2015-09-04 11:19:50,001 (main) INFO  [com.seabware.genesyx.codegen.CodeGenerator] - Domain loading process started...
2015-09-04 11:19:50,076 (main) INFO  [com.seabware.genesyx.codegen.CodeGenerator] - Domain validation process started...
2015-09-04 11:19:50,076 (main) INFO  [com.seabware.genesyx.codegen.CodeGenerator] - Domain writing process started...
2015-09-04 11:19:50,076 (main) INFO  [com.seabware.genesyx.codegen.CodeGenerator] - Java Pojo's creation process started...
2015-09-04 11:19:50,206 (main) INFO  [JavaClassesGenerator] - Class Person generated!
2015-09-04 11:19:50,233 (main) INFO  [JavaClassesGenerator] - Class User generated!
2015-09-04 11:19:50,257 (main) INFO  [JavaClassesGenerator] - Class Customer generated!
2015-09-04 11:20:00,171 (main) INFO  [org.springframework.context.support.ClassPathXmlApplicationContext] - Refreshing org.springframework.context.support.ClassPathXmlApplicationContext@bca337c: startup date [Fri Sep 04 11:20:00 EDT 2015]; root of context hierarchy
2015-09-04 11:20:00,226 (main) INFO  [org.springframework.beans.factory.xml.XmlBeanDefinitionReader] - Loading XML bean definitions from class path resource [spring/beans-spring.xml]
2015-09-04 11:20:00,477 (main) INFO  [org.springframework.beans.factory.support.DefaultListableBeanFactory] - Pre-instantiating singletons in org.springframework.beans.factory.support.DefaultListableBeanFactory@413205e1: defining beans [org.springframework.context.annotation.internalConfigurationAnnotationProcessor,org.springframework.context.annotation.internalAutowiredAnnotationProcessor,org.springframework.context.annotation.internalRequiredAnnotationProcessor,org.springframework.context.annotation.internalCommonAnnotationProcessor,javaClassesGenerator,org.springframework.context.annotation.ConfigurationClassPostProcessor.importAwareProcessor]; root of factory hierarchy
2015-09-04 11:20:00,497 (main) INFO  [com.seabware.genesyx.codegen.CodeGenerator] - Code Generator started...
2015-09-04 11:20:00,497 (main) INFO  [com.seabware.genesyx.codegen.CodeGenerator] - Parsing arguments...
2015-09-04 11:20:00,497 (main) INFO  [com.seabware.genesyx.codegen.CodeGenerator] - Domain loading process started...
2015-09-04 11:20:00,570 (main) INFO  [com.seabware.genesyx.codegen.CodeGenerator] - Domain validation process started...
2015-09-04 11:20:00,570 (main) INFO  [com.seabware.genesyx.codegen.CodeGenerator] - Domain writing process started...
2015-09-04 11:20:00,570 (main) INFO  [com.seabware.genesyx.codegen.CodeGenerator] - Java Pojo's creation process started...
2015-09-04 11:20:00,710 (main) INFO  [JavaClassesGenerator] - Class Person generated!
2015-09-04 11:20:00,743 (main) INFO  [JavaClassesGenerator] - Class User generated!
2015-09-04 11:20:00,773 (main) INFO  [JavaClassesGenerator] - Class Customer generated!
2015-09-04 11:30:03,152 (main) INFO  [org.springframework.context.support.ClassPathXmlApplicationContext] - Refreshing org.springframework.context.support.ClassPathXmlApplicationContext@bca337c: startup date [Fri Sep 04 11:30:03 EDT 2015]; root of context hierarchy
2015-09-04 11:30:03,211 (main) INFO  [org.springframework.beans.factory.xml.XmlBeanDefinitionReader] - Loading XML bean definitions from class path resource [spring/beans-spring.xml]
2015-09-04 11:30:03,495 (main) INFO  [org.springframework.beans.factory.support.DefaultListableBeanFactory] - Pre-instantiating singletons in org.springframework.beans.factory.support.DefaultListableBeanFactory@413205e1: defining beans [org.springframework.context.annotation.internalConfigurationAnnotationProcessor,org.springframework.context.annotation.internalAutowiredAnnotationProcessor,org.springframework.context.annotation.internalRequiredAnnotationProcessor,org.springframework.context.annotation.internalCommonAnnotationProcessor,javaClassesGenerator,org.springframework.context.annotation.ConfigurationClassPostProcessor.importAwareProcessor]; root of factory hierarchy
2015-09-04 11:30:03,514 (main) INFO  [com.seabware.genesyx.codegen.CodeGenerator] - Code Generator started...
2015-09-04 11:30:03,514 (main) INFO  [com.seabware.genesyx.codegen.CodeGenerator] - Parsing arguments...
2015-09-04 11:30:03,515 (main) INFO  [com.seabware.genesyx.codegen.CodeGenerator] - Domain loading process started...
2015-09-04 11:30:03,590 (main) INFO  [com.seabware.genesyx.codegen.CodeGenerator] - Domain validation process started...
2015-09-04 11:30:03,590 (main) INFO  [com.seabware.genesyx.codegen.CodeGenerator] - Domain writing process started...
2015-09-04 11:30:03,590 (main) INFO  [com.seabware.genesyx.codegen.CodeGenerator] - Java Pojo's creation process started...
2015-09-04 11:30:03,779 (main) INFO  [com.seabware.genesyx.codegen.generators.JavaClassesGenerator] - Class Person generated!
2015-09-04 11:30:03,806 (main) INFO  [com.seabware.genesyx.codegen.generators.JavaClassesGenerator] - Class User generated!
2015-09-04 11:30:03,827 (main) INFO  [com.seabware.genesyx.codegen.generators.JavaClassesGenerator] - Class Customer generated!
2015-09-04 11:45:08,781 (main) INFO  [org.springframework.context.support.ClassPathXmlApplicationContext] - Refreshing org.springframework.context.support.ClassPathXmlApplicationContext@bca337c: startup date [Fri Sep 04 11:45:08 EDT 2015]; root of context hierarchy
2015-09-04 11:45:08,835 (main) INFO  [org.springframework.beans.factory.xml.XmlBeanDefinitionReader] - Loading XML bean definitions from class path resource [spring/beans-spring.xml]
2015-09-04 11:45:09,089 (main) INFO  [org.springframework.beans.factory.support.DefaultListableBeanFactory] - Pre-instantiating singletons in org.springframework.beans.factory.support.DefaultListableBeanFactory@8732b94: defining beans [org.springframework.context.annotation.internalConfigurationAnnotationProcessor,org.springframework.context.annotation.internalAutowiredAnnotationProcessor,org.springframework.context.annotation.internalRequiredAnnotationProcessor,org.springframework.context.annotation.internalCommonAnnotationProcessor,javaClassesGenerator,org.springframework.context.annotation.ConfigurationClassPostProcessor.importAwareProcessor]; root of factory hierarchy
2015-09-04 11:45:09,108 (main) INFO  [com.seabware.genesyx.codegen.CodeGenerator] - Code Generator started...
2015-09-04 11:45:09,108 (main) INFO  [com.seabware.genesyx.codegen.CodeGenerator] - Parsing arguments...
2015-09-04 11:45:09,108 (main) INFO  [com.seabware.genesyx.codegen.CodeGenerator] - Domain loading process started...
2015-09-04 11:45:09,198 (main) INFO  [com.seabware.genesyx.codegen.CodeGenerator] - Domain validation process started...
2015-09-04 11:45:09,198 (main) INFO  [com.seabware.genesyx.codegen.CodeGenerator] - Domain writing process started...
2015-09-04 11:45:09,198 (main) INFO  [com.seabware.genesyx.codegen.CodeGenerator] - Java Pojo's creation process started...
2015-09-04 11:45:09,349 (main) INFO  [com.seabware.genesyx.codegen.generators.JavaClassesGenerator] - Class Person generated!
2015-09-04 11:45:09,372 (main) INFO  [com.seabware.genesyx.codegen.generators.JavaClassesGenerator] - Class User generated!
2015-09-04 11:45:09,395 (main) INFO  [com.seabware.genesyx.codegen.generators.JavaClassesGenerator] - Class Customer generated!
2015-09-04 12:07:41,279 (main) INFO  [org.springframework.context.support.ClassPathXmlApplicationContext] - Refreshing org.springframework.context.support.ClassPathXmlApplicationContext@6daa8eb7: startup date [Fri Sep 04 12:07:41 EDT 2015]; root of context hierarchy
2015-09-04 12:07:41,335 (main) INFO  [org.springframework.beans.factory.xml.XmlBeanDefinitionReader] - Loading XML bean definitions from class path resource [spring/beans-spring.xml]
2015-09-04 12:07:41,593 (main) INFO  [org.springframework.beans.factory.support.DefaultListableBeanFactory] - Pre-instantiating singletons in org.springframework.beans.factory.support.DefaultListableBeanFactory@3815e134: defining beans [org.springframework.context.annotation.internalConfigurationAnnotationProcessor,org.springframework.context.annotation.internalAutowiredAnnotationProcessor,org.springframework.context.annotation.internalRequiredAnnotationProcessor,org.springframework.context.annotation.internalCommonAnnotationProcessor,javaClassesGenerator,org.springframework.context.annotation.ConfigurationClassPostProcessor.importAwareProcessor]; root of factory hierarchy
2015-09-04 12:07:41,613 (main) INFO  [com.seabware.genesyx.codegen.CodeGenerator] - Code Generator started...
2015-09-04 12:07:41,613 (main) INFO  [com.seabware.genesyx.codegen.CodeGenerator] - Parsing arguments...
2015-09-04 12:07:41,613 (main) INFO  [com.seabware.genesyx.codegen.CodeGenerator] - Domain loading process started...
2015-09-04 12:07:41,705 (main) INFO  [com.seabware.genesyx.codegen.CodeGenerator] - Domain validation process started...
2015-09-04 12:07:41,705 (main) INFO  [com.seabware.genesyx.codegen.CodeGenerator] - Domain writing process started...
2015-09-04 12:07:41,705 (main) INFO  [com.seabware.genesyx.codegen.CodeGenerator] - Entity's creation process started...
2015-09-04 12:07:41,867 (main) INFO  [com.seabware.genesyx.codegen.generators.JavaClassesGenerator] - Class Person generated!
2015-09-04 12:07:41,896 (main) INFO  [com.seabware.genesyx.codegen.generators.JavaClassesGenerator] - Class User generated!
2015-09-04 12:07:41,918 (main) INFO  [com.seabware.genesyx.codegen.generators.JavaClassesGenerator] - Class Customer generated!
2015-09-04 12:07:41,918 (main) INFO  [com.seabware.genesyx.codegen.CodeGenerator] - DAOs creation process started...
2015-09-04 12:07:41,930 (main) INFO  [com.seabware.genesyx.codegen.generators.JavaClassesGenerator] - DAO  Person generated!
2015-09-04 12:07:41,939 (main) INFO  [com.seabware.genesyx.codegen.generators.JavaClassesGenerator] - DAO  User generated!
2015-09-04 12:07:41,948 (main) INFO  [com.seabware.genesyx.codegen.generators.JavaClassesGenerator] - DAO  Customer generated!
