2015-05-14 14:55:37,817 (main) INFO  [org.springframework.context.support.ClassPathXmlApplicationContext] - Refreshing org.springframework.context.support.ClassPathXmlApplicationContext@251486c5: startup date [Thu May 14 14:55:37 EDT 2015]; root of context hierarchy
2015-05-14 14:55:37,876 (main) INFO  [org.springframework.beans.factory.xml.XmlBeanDefinitionReader] - Loading XML bean definitions from class path resource [spring/beans-spring.xml]
2015-05-14 14:55:38,263 (main) INFO  [org.springframework.beans.factory.support.DefaultListableBeanFactory] - Pre-instantiating singletons in org.springframework.beans.factory.support.DefaultListableBeanFactory@275735c4: defining beans [org.springframework.context.annotation.internalConfigurationAnnotationProcessor,org.springframework.context.annotation.internalAutowiredAnnotationProcessor,org.springframework.context.annotation.internalRequiredAnnotationProcessor,org.springframework.context.annotation.internalCommonAnnotationProcessor,javaClassGenerator,org.springframework.context.annotation.ConfigurationClassPostProcessor.importAwareProcessor]; root of factory hierarchy
2015-05-14 14:55:38,283 (main) INFO  [com.seabware.genesyx.codegen.CodeGenerator] - Code Generator started...
2015-05-14 14:55:38,283 (main) INFO  [com.seabware.genesyx.codegen.CodeGenerator] - Parsing arguments...
2015-05-14 14:55:38,283 (main) INFO  [com.seabware.genesyx.codegen.CodeGenerator] - Domain loading process started...
2015-05-14 14:57:46,276 (main) INFO  [org.springframework.context.support.ClassPathXmlApplicationContext] - Refreshing org.springframework.context.support.ClassPathXmlApplicationContext@2ec18c31: startup date [Thu May 14 14:57:46 EDT 2015]; root of context hierarchy
2015-05-14 14:57:46,344 (main) INFO  [org.springframework.beans.factory.xml.XmlBeanDefinitionReader] - Loading XML bean definitions from class path resource [spring/beans-spring.xml]
2015-05-14 14:57:46,611 (main) INFO  [org.springframework.beans.factory.support.DefaultListableBeanFactory] - Pre-instantiating singletons in org.springframework.beans.factory.support.DefaultListableBeanFactory@101e1680: defining beans [org.springframework.context.annotation.internalConfigurationAnnotationProcessor,org.springframework.context.annotation.internalAutowiredAnnotationProcessor,org.springframework.context.annotation.internalRequiredAnnotationProcessor,org.springframework.context.annotation.internalCommonAnnotationProcessor,javaClassGenerator,org.springframework.context.annotation.ConfigurationClassPostProcessor.importAwareProcessor]; root of factory hierarchy
2015-05-14 14:57:46,631 (main) INFO  [com.seabware.genesyx.codegen.CodeGenerator] - Code Generator started...
2015-05-14 14:57:46,631 (main) INFO  [com.seabware.genesyx.codegen.CodeGenerator] - Parsing arguments...
2015-05-14 14:57:46,631 (main) INFO  [com.seabware.genesyx.codegen.CodeGenerator] - Domain loading process started...
2015-05-14 14:57:57,046 (main) INFO  [org.springframework.context.support.ClassPathXmlApplicationContext] - Refreshing org.springframework.context.support.ClassPathXmlApplicationContext@6fc6e58: startup date [Thu May 14 14:57:57 EDT 2015]; root of context hierarchy
2015-05-14 14:57:57,109 (main) INFO  [org.springframework.beans.factory.xml.XmlBeanDefinitionReader] - Loading XML bean definitions from class path resource [spring/beans-spring.xml]
2015-05-14 14:57:57,408 (main) INFO  [org.springframework.beans.factory.support.DefaultListableBeanFactory] - Pre-instantiating singletons in org.springframework.beans.factory.support.DefaultListableBeanFactory@5a3947f5: defining beans [org.springframework.context.annotation.internalConfigurationAnnotationProcessor,org.springframework.context.annotation.internalAutowiredAnnotationProcessor,org.springframework.context.annotation.internalRequiredAnnotationProcessor,org.springframework.context.annotation.internalCommonAnnotationProcessor,javaClassGenerator,org.springframework.context.annotation.ConfigurationClassPostProcessor.importAwareProcessor]; root of factory hierarchy
2015-05-14 14:57:57,429 (main) INFO  [com.seabware.genesyx.codegen.CodeGenerator] - Code Generator started...
2015-05-14 14:57:57,429 (main) INFO  [com.seabware.genesyx.codegen.CodeGenerator] - Parsing arguments...
2015-05-14 14:57:57,429 (main) INFO  [com.seabware.genesyx.codegen.CodeGenerator] - Domain loading process started...
2015-05-14 14:58:53,985 (main) INFO  [org.springframework.context.support.ClassPathXmlApplicationContext] - Refreshing org.springframework.context.support.ClassPathXmlApplicationContext@726b0a6a: startup date [Thu May 14 14:58:53 EDT 2015]; root of context hierarchy
2015-05-14 14:58:54,050 (main) INFO  [org.springframework.beans.factory.xml.XmlBeanDefinitionReader] - Loading XML bean definitions from class path resource [spring/beans-spring.xml]
2015-05-14 14:58:54,316 (main) INFO  [org.springframework.beans.factory.support.DefaultListableBeanFactory] - Pre-instantiating singletons in org.springframework.beans.factory.support.DefaultListableBeanFactory@300c5581: defining beans [org.springframework.context.annotation.internalConfigurationAnnotationProcessor,org.springframework.context.annotation.internalAutowiredAnnotationProcessor,org.springframework.context.annotation.internalRequiredAnnotationProcessor,org.springframework.context.annotation.internalCommonAnnotationProcessor,javaClassGenerator,org.springframework.context.annotation.ConfigurationClassPostProcessor.importAwareProcessor]; root of factory hierarchy
2015-05-14 14:58:54,340 (main) INFO  [com.seabware.genesyx.codegen.CodeGenerator] - Code Generator started...
2015-05-14 14:58:54,340 (main) INFO  [com.seabware.genesyx.codegen.CodeGenerator] - Parsing arguments...
2015-05-14 14:58:54,340 (main) INFO  [com.seabware.genesyx.codegen.CodeGenerator] - Domain loading process started...
2015-05-14 14:58:54,412 (main) INFO  [com.seabware.genesyx.codegen.CodeGenerator] - Domain validation process started...
2015-05-14 14:58:54,412 (main) INFO  [com.seabware.genesyx.codegen.CodeGenerator] - Domain writing process started...
2015-05-14 14:58:54,412 (main) INFO  [com.seabware.genesyx.codegen.CodeGenerator] - Java Pojo's creation process started...
2015-05-14 14:58:54,412 (main) INFO  [JavaClassesGenerator] - Class Person generated!
2015-05-14 14:58:54,538 (main) INFO  [JavaClassesGenerator] - Class User generated!
2015-05-14 14:58:54,547 (main) INFO  [JavaClassesGenerator] - Class Customer generated!
2015-05-14 14:59:53,373 (main) INFO  [org.springframework.context.support.ClassPathXmlApplicationContext] - Refreshing org.springframework.context.support.ClassPathXmlApplicationContext@2ec18c31: startup date [Thu May 14 14:59:53 EDT 2015]; root of context hierarchy
2015-05-14 14:59:53,436 (main) INFO  [org.springframework.beans.factory.xml.XmlBeanDefinitionReader] - Loading XML bean definitions from class path resource [spring/beans-spring.xml]
2015-05-14 14:59:53,698 (main) INFO  [org.springframework.beans.factory.support.DefaultListableBeanFactory] - Pre-instantiating singletons in org.springframework.beans.factory.support.DefaultListableBeanFactory@4e8aeb09: defining beans [org.springframework.context.annotation.internalConfigurationAnnotationProcessor,org.springframework.context.annotation.internalAutowiredAnnotationProcessor,org.springframework.context.annotation.internalRequiredAnnotationProcessor,org.springframework.context.annotation.internalCommonAnnotationProcessor,javaClassGenerator,org.springframework.context.annotation.ConfigurationClassPostProcessor.importAwareProcessor]; root of factory hierarchy
2015-05-14 14:59:53,718 (main) INFO  [com.seabware.genesyx.codegen.CodeGenerator] - Code Generator started...
2015-05-14 14:59:53,718 (main) INFO  [com.seabware.genesyx.codegen.CodeGenerator] - Parsing arguments...
2015-05-14 14:59:53,718 (main) INFO  [com.seabware.genesyx.codegen.CodeGenerator] - Domain loading process started...
2015-05-14 14:59:53,790 (main) INFO  [com.seabware.genesyx.codegen.CodeGenerator] - Domain validation process started...
2015-05-14 14:59:53,790 (main) INFO  [com.seabware.genesyx.codegen.CodeGenerator] - Domain writing process started...
2015-05-14 14:59:53,790 (main) INFO  [com.seabware.genesyx.codegen.CodeGenerator] - Java Pojo's creation process started...
2015-05-14 14:59:53,790 (main) INFO  [JavaClassesGenerator] - Class Person generated!
2015-05-14 14:59:53,900 (main) INFO  [JavaClassesGenerator] - Class User generated!
2015-05-14 14:59:53,909 (main) INFO  [JavaClassesGenerator] - Class Customer generated!
2015-05-14 15:00:04,649 (main) INFO  [org.springframework.context.support.ClassPathXmlApplicationContext] - Refreshing org.springframework.context.support.ClassPathXmlApplicationContext@58ba4bb9: startup date [Thu May 14 15:00:04 EDT 2015]; root of context hierarchy
2015-05-14 15:00:04,705 (main) INFO  [org.springframework.beans.factory.xml.XmlBeanDefinitionReader] - Loading XML bean definitions from class path resource [spring/beans-spring.xml]
2015-05-14 15:00:05,013 (main) INFO  [org.springframework.beans.factory.support.DefaultListableBeanFactory] - Pre-instantiating singletons in org.springframework.beans.factory.support.DefaultListableBeanFactory@101e1680: defining beans [org.springframework.context.annotation.internalConfigurationAnnotationProcessor,org.springframework.context.annotation.internalAutowiredAnnotationProcessor,org.springframework.context.annotation.internalRequiredAnnotationProcessor,org.springframework.context.annotation.internalCommonAnnotationProcessor,javaClassGenerator,org.springframework.context.annotation.ConfigurationClassPostProcessor.importAwareProcessor]; root of factory hierarchy
2015-05-14 15:00:05,033 (main) INFO  [com.seabware.genesyx.codegen.CodeGenerator] - Code Generator started...
2015-05-14 15:00:05,033 (main) INFO  [com.seabware.genesyx.codegen.CodeGenerator] - Parsing arguments...
2015-05-14 15:00:05,033 (main) INFO  [com.seabware.genesyx.codegen.CodeGenerator] - Domain loading process started...
2015-05-14 15:00:05,109 (main) INFO  [com.seabware.genesyx.codegen.CodeGenerator] - Domain validation process started...
2015-05-14 15:00:05,109 (main) INFO  [com.seabware.genesyx.codegen.CodeGenerator] - Domain writing process started...
2015-05-14 15:00:05,109 (main) INFO  [com.seabware.genesyx.codegen.CodeGenerator] - Java Pojo's creation process started...
2015-05-14 15:00:05,110 (main) INFO  [JavaClassesGenerator] - Class Person generated!
2015-05-14 15:00:05,238 (main) INFO  [JavaClassesGenerator] - Class User generated!
2015-05-14 15:00:05,248 (main) INFO  [JavaClassesGenerator] - Class Customer generated!
2015-05-14 15:10:52,731 (main) INFO  [org.springframework.context.support.ClassPathXmlApplicationContext] - Refreshing org.springframework.context.support.ClassPathXmlApplicationContext@669c0287: startup date [Thu May 14 15:10:52 EDT 2015]; root of context hierarchy
2015-05-14 15:10:52,790 (main) INFO  [org.springframework.beans.factory.xml.XmlBeanDefinitionReader] - Loading XML bean definitions from class path resource [spring/beans-spring.xml]
2015-05-14 15:10:53,063 (main) INFO  [org.springframework.beans.factory.support.DefaultListableBeanFactory] - Pre-instantiating singletons in org.springframework.beans.factory.support.DefaultListableBeanFactory@7de21f45: defining beans [org.springframework.context.annotation.internalConfigurationAnnotationProcessor,org.springframework.context.annotation.internalAutowiredAnnotationProcessor,org.springframework.context.annotation.internalRequiredAnnotationProcessor,org.springframework.context.annotation.internalCommonAnnotationProcessor,javaClassGenerator,org.springframework.context.annotation.ConfigurationClassPostProcessor.importAwareProcessor]; root of factory hierarchy
2015-05-14 15:10:53,083 (main) INFO  [com.seabware.genesyx.codegen.CodeGenerator] - Code Generator started...
2015-05-14 15:10:53,083 (main) INFO  [com.seabware.genesyx.codegen.CodeGenerator] - Parsing arguments...
2015-05-14 15:10:53,083 (main) INFO  [com.seabware.genesyx.codegen.CodeGenerator] - Domain loading process started...
2015-05-14 15:10:53,155 (main) INFO  [com.seabware.genesyx.codegen.CodeGenerator] - Domain validation process started...
2015-05-14 15:10:53,155 (main) INFO  [com.seabware.genesyx.codegen.CodeGenerator] - Domain writing process started...
2015-05-14 15:10:53,155 (main) INFO  [com.seabware.genesyx.codegen.CodeGenerator] - Java Pojo's creation process started...
2015-05-14 15:10:53,156 (main) INFO  [JavaClassesGenerator] - Class Person generated!
2015-05-14 15:10:53,270 (main) INFO  [JavaClassesGenerator] - Class User generated!
2015-05-14 15:10:53,279 (main) INFO  [JavaClassesGenerator] - Class Customer generated!
2015-05-14 15:13:01,455 (main) INFO  [org.springframework.context.support.ClassPathXmlApplicationContext] - Refreshing org.springframework.context.support.ClassPathXmlApplicationContext@251486c5: startup date [Thu May 14 15:13:01 EDT 2015]; root of context hierarchy
2015-05-14 15:13:01,511 (main) INFO  [org.springframework.beans.factory.xml.XmlBeanDefinitionReader] - Loading XML bean definitions from class path resource [spring/beans-spring.xml]
2015-05-14 15:13:01,804 (main) INFO  [org.springframework.beans.factory.support.DefaultListableBeanFactory] - Pre-instantiating singletons in org.springframework.beans.factory.support.DefaultListableBeanFactory@4e8aeb09: defining beans [org.springframework.context.annotation.internalConfigurationAnnotationProcessor,org.springframework.context.annotation.internalAutowiredAnnotationProcessor,org.springframework.context.annotation.internalRequiredAnnotationProcessor,org.springframework.context.annotation.internalCommonAnnotationProcessor,javaClassGenerator,org.springframework.context.annotation.ConfigurationClassPostProcessor.importAwareProcessor]; root of factory hierarchy
2015-05-14 15:13:01,823 (main) INFO  [com.seabware.genesyx.codegen.CodeGenerator] - Code Generator started...
2015-05-14 15:13:01,823 (main) INFO  [com.seabware.genesyx.codegen.CodeGenerator] - Parsing arguments...
2015-05-14 15:13:01,824 (main) INFO  [com.seabware.genesyx.codegen.CodeGenerator] - Domain loading process started...
2015-05-14 15:13:01,901 (main) INFO  [com.seabware.genesyx.codegen.CodeGenerator] - Domain validation process started...
2015-05-14 15:13:01,901 (main) INFO  [com.seabware.genesyx.codegen.CodeGenerator] - Domain writing process started...
2015-05-14 15:13:01,901 (main) INFO  [com.seabware.genesyx.codegen.CodeGenerator] - Java Pojo's creation process started...
2015-05-14 15:13:01,902 (main) INFO  [JavaClassesGenerator] - Class Person generated!
2015-05-14 15:13:02,019 (main) INFO  [JavaClassesGenerator] - Class User generated!
2015-05-14 15:13:02,030 (main) INFO  [JavaClassesGenerator] - Class Customer generated!
2015-05-14 15:13:45,303 (main) INFO  [org.springframework.context.support.ClassPathXmlApplicationContext] - Refreshing org.springframework.context.support.ClassPathXmlApplicationContext@251486c5: startup date [Thu May 14 15:13:45 EDT 2015]; root of context hierarchy
2015-05-14 15:13:45,409 (main) INFO  [org.springframework.beans.factory.xml.XmlBeanDefinitionReader] - Loading XML bean definitions from class path resource [spring/beans-spring.xml]
2015-05-14 15:13:45,683 (main) INFO  [org.springframework.beans.factory.support.DefaultListableBeanFactory] - Pre-instantiating singletons in org.springframework.beans.factory.support.DefaultListableBeanFactory@24cc428: defining beans [org.springframework.context.annotation.internalConfigurationAnnotationProcessor,org.springframework.context.annotation.internalAutowiredAnnotationProcessor,org.springframework.context.annotation.internalRequiredAnnotationProcessor,org.springframework.context.annotation.internalCommonAnnotationProcessor,javaClassGenerator,org.springframework.context.annotation.ConfigurationClassPostProcessor.importAwareProcessor]; root of factory hierarchy
2015-05-14 15:13:45,704 (main) INFO  [com.seabware.genesyx.codegen.CodeGenerator] - Code Generator started...
2015-05-14 15:13:45,704 (main) INFO  [com.seabware.genesyx.codegen.CodeGenerator] - Parsing arguments...
2015-05-14 15:13:45,704 (main) INFO  [com.seabware.genesyx.codegen.CodeGenerator] - Domain loading process started...
2015-05-14 15:13:45,777 (main) INFO  [com.seabware.genesyx.codegen.CodeGenerator] - Domain validation process started...
2015-05-14 15:13:45,777 (main) INFO  [com.seabware.genesyx.codegen.CodeGenerator] - Domain writing process started...
2015-05-14 15:13:45,777 (main) INFO  [com.seabware.genesyx.codegen.CodeGenerator] - Java Pojo's creation process started...
2015-05-14 15:13:45,777 (main) INFO  [JavaClassesGenerator] - Class Person generated!
2015-05-14 15:13:45,931 (main) INFO  [JavaClassesGenerator] - Class User generated!
2015-05-14 15:13:45,944 (main) INFO  [JavaClassesGenerator] - Class Customer generated!
2015-05-14 15:17:07,083 (main) INFO  [org.springframework.context.support.ClassPathXmlApplicationContext] - Refreshing org.springframework.context.support.ClassPathXmlApplicationContext@c6a21b2: startup date [Thu May 14 15:17:07 EDT 2015]; root of context hierarchy
2015-05-14 15:17:07,144 (main) INFO  [org.springframework.beans.factory.xml.XmlBeanDefinitionReader] - Loading XML bean definitions from class path resource [spring/beans-spring.xml]
2015-05-14 15:17:07,422 (main) INFO  [org.springframework.beans.factory.support.DefaultListableBeanFactory] - Pre-instantiating singletons in org.springframework.beans.factory.support.DefaultListableBeanFactory@7de21f45: defining beans [org.springframework.context.annotation.internalConfigurationAnnotationProcessor,org.springframework.context.annotation.internalAutowiredAnnotationProcessor,org.springframework.context.annotation.internalRequiredAnnotationProcessor,org.springframework.context.annotation.internalCommonAnnotationProcessor,javaClassGenerator,org.springframework.context.annotation.ConfigurationClassPostProcessor.importAwareProcessor]; root of factory hierarchy
2015-05-14 15:17:07,445 (main) INFO  [com.seabware.genesyx.codegen.CodeGenerator] - Code Generator started...
2015-05-14 15:17:07,445 (main) INFO  [com.seabware.genesyx.codegen.CodeGenerator] - Parsing arguments...
2015-05-14 15:17:07,445 (main) INFO  [com.seabware.genesyx.codegen.CodeGenerator] - Domain loading process started...
2015-05-14 15:17:07,526 (main) INFO  [com.seabware.genesyx.codegen.CodeGenerator] - Domain validation process started...
2015-05-14 15:17:07,526 (main) INFO  [com.seabware.genesyx.codegen.CodeGenerator] - Domain writing process started...
2015-05-14 15:17:07,526 (main) INFO  [com.seabware.genesyx.codegen.CodeGenerator] - Java Pojo's creation process started...
2015-05-14 15:17:07,527 (main) INFO  [JavaClassesGenerator] - Class Person generated!
2015-05-14 15:17:07,657 (main) INFO  [JavaClassesGenerator] - Class User generated!
2015-05-14 15:17:07,669 (main) INFO  [JavaClassesGenerator] - Class Customer generated!
2015-05-14 15:35:35,951 (main) INFO  [org.springframework.context.support.ClassPathXmlApplicationContext] - Refreshing org.springframework.context.support.ClassPathXmlApplicationContext@669c0287: startup date [Thu May 14 15:35:35 EDT 2015]; root of context hierarchy
2015-05-14 15:35:36,036 (main) INFO  [org.springframework.beans.factory.xml.XmlBeanDefinitionReader] - Loading XML bean definitions from class path resource [spring/beans-spring.xml]
2015-05-14 15:35:36,308 (main) INFO  [org.springframework.beans.factory.support.DefaultListableBeanFactory] - Pre-instantiating singletons in org.springframework.beans.factory.support.DefaultListableBeanFactory@4e8aeb09: defining beans [org.springframework.context.annotation.internalConfigurationAnnotationProcessor,org.springframework.context.annotation.internalAutowiredAnnotationProcessor,org.springframework.context.annotation.internalRequiredAnnotationProcessor,org.springframework.context.annotation.internalCommonAnnotationProcessor,javaClassGenerator,org.springframework.context.annotation.ConfigurationClassPostProcessor.importAwareProcessor]; root of factory hierarchy
2015-05-14 15:35:36,328 (main) INFO  [com.seabware.genesyx.codegen.CodeGenerator] - Code Generator started...
2015-05-14 15:35:36,328 (main) INFO  [com.seabware.genesyx.codegen.CodeGenerator] - Parsing arguments...
2015-05-14 15:35:36,328 (main) INFO  [com.seabware.genesyx.codegen.CodeGenerator] - Domain loading process started...
2015-05-14 15:35:36,412 (main) INFO  [com.seabware.genesyx.codegen.CodeGenerator] - Domain validation process started...
2015-05-14 15:35:36,412 (main) INFO  [com.seabware.genesyx.codegen.CodeGenerator] - Domain writing process started...
2015-05-14 15:35:36,412 (main) INFO  [com.seabware.genesyx.codegen.CodeGenerator] - Java Pojo's creation process started...
2015-05-14 15:35:36,412 (main) INFO  [JavaClassesGenerator] - Class Person generated!
2015-05-14 15:35:36,547 (main) INFO  [JavaClassesGenerator] - Class User generated!
2015-05-14 15:35:36,558 (main) INFO  [JavaClassesGenerator] - Class Customer generated!
2015-05-14 15:40:52,992 (main) INFO  [org.springframework.context.support.ClassPathXmlApplicationContext] - Refreshing org.springframework.context.support.ClassPathXmlApplicationContext@251486c5: startup date [Thu May 14 15:40:52 EDT 2015]; root of context hierarchy
2015-05-14 15:40:53,055 (main) INFO  [org.springframework.beans.factory.xml.XmlBeanDefinitionReader] - Loading XML bean definitions from class path resource [spring/beans-spring.xml]
2015-05-14 15:40:53,356 (main) INFO  [org.springframework.beans.factory.support.DefaultListableBeanFactory] - Pre-instantiating singletons in org.springframework.beans.factory.support.DefaultListableBeanFactory@24cc428: defining beans [org.springframework.context.annotation.internalConfigurationAnnotationProcessor,org.springframework.context.annotation.internalAutowiredAnnotationProcessor,org.springframework.context.annotation.internalRequiredAnnotationProcessor,org.springframework.context.annotation.internalCommonAnnotationProcessor,javaClassGenerator,org.springframework.context.annotation.ConfigurationClassPostProcessor.importAwareProcessor]; root of factory hierarchy
2015-05-14 15:40:53,376 (main) INFO  [com.seabware.genesyx.codegen.CodeGenerator] - Code Generator started...
2015-05-14 15:40:53,377 (main) INFO  [com.seabware.genesyx.codegen.CodeGenerator] - Parsing arguments...
2015-05-14 15:40:53,377 (main) INFO  [com.seabware.genesyx.codegen.CodeGenerator] - Domain loading process started...
2015-05-14 15:40:53,448 (main) INFO  [com.seabware.genesyx.codegen.CodeGenerator] - Domain validation process started...
2015-05-14 15:40:53,448 (main) INFO  [com.seabware.genesyx.codegen.CodeGenerator] - Domain writing process started...
2015-05-14 15:40:53,448 (main) INFO  [com.seabware.genesyx.codegen.CodeGenerator] - Java Pojo's creation process started...
2015-05-14 15:40:53,449 (main) INFO  [JavaClassesGenerator] - Class Person generated!
2015-05-14 15:44:23,753 (main) INFO  [org.springframework.context.support.ClassPathXmlApplicationContext] - Refreshing org.springframework.context.support.ClassPathXmlApplicationContext@669c0287: startup date [Thu May 14 15:44:23 EDT 2015]; root of context hierarchy
2015-05-14 15:44:23,818 (main) INFO  [org.springframework.beans.factory.xml.XmlBeanDefinitionReader] - Loading XML bean definitions from class path resource [spring/beans-spring.xml]
2015-05-14 15:44:24,090 (main) INFO  [org.springframework.beans.factory.support.DefaultListableBeanFactory] - Pre-instantiating singletons in org.springframework.beans.factory.support.DefaultListableBeanFactory@7de21f45: defining beans [org.springframework.context.annotation.internalConfigurationAnnotationProcessor,org.springframework.context.annotation.internalAutowiredAnnotationProcessor,org.springframework.context.annotation.internalRequiredAnnotationProcessor,org.springframework.context.annotation.internalCommonAnnotationProcessor,javaClassGenerator,org.springframework.context.annotation.ConfigurationClassPostProcessor.importAwareProcessor]; root of factory hierarchy
2015-05-14 15:44:24,110 (main) INFO  [com.seabware.genesyx.codegen.CodeGenerator] - Code Generator started...
2015-05-14 15:44:24,110 (main) INFO  [com.seabware.genesyx.codegen.CodeGenerator] - Parsing arguments...
2015-05-14 15:44:24,110 (main) INFO  [com.seabware.genesyx.codegen.CodeGenerator] - Domain loading process started...
2015-05-14 15:44:24,227 (main) INFO  [com.seabware.genesyx.codegen.CodeGenerator] - Domain validation process started...
2015-05-14 15:44:24,227 (main) INFO  [com.seabware.genesyx.codegen.CodeGenerator] - Domain writing process started...
2015-05-14 15:44:24,227 (main) INFO  [com.seabware.genesyx.codegen.CodeGenerator] - Java Pojo's creation process started...
2015-05-14 15:44:24,228 (main) INFO  [JavaClassesGenerator] - Class Person generated!
2015-05-14 15:44:24,359 (main) INFO  [JavaClassesGenerator] - Class User generated!
2015-05-14 15:44:24,370 (main) INFO  [JavaClassesGenerator] - Class Customer generated!
2015-05-14 15:55:08,348 (main) INFO  [org.springframework.context.support.ClassPathXmlApplicationContext] - Refreshing org.springframework.context.support.ClassPathXmlApplicationContext@24dafcf2: startup date [Thu May 14 15:55:08 EDT 2015]; root of context hierarchy
2015-05-14 15:55:08,408 (main) INFO  [org.springframework.beans.factory.xml.XmlBeanDefinitionReader] - Loading XML bean definitions from class path resource [spring/beans-spring.xml]
2015-05-14 15:55:08,680 (main) INFO  [org.springframework.beans.factory.support.DefaultListableBeanFactory] - Pre-instantiating singletons in org.springframework.beans.factory.support.DefaultListableBeanFactory@4e8aeb09: defining beans [org.springframework.context.annotation.internalConfigurationAnnotationProcessor,org.springframework.context.annotation.internalAutowiredAnnotationProcessor,org.springframework.context.annotation.internalRequiredAnnotationProcessor,org.springframework.context.annotation.internalCommonAnnotationProcessor,javaClassGenerator,org.springframework.context.annotation.ConfigurationClassPostProcessor.importAwareProcessor]; root of factory hierarchy
2015-05-14 15:55:08,701 (main) INFO  [com.seabware.genesyx.codegen.CodeGenerator] - Code Generator started...
2015-05-14 15:55:08,701 (main) INFO  [com.seabware.genesyx.codegen.CodeGenerator] - Parsing arguments...
2015-05-14 15:55:08,701 (main) INFO  [com.seabware.genesyx.codegen.CodeGenerator] - Domain loading process started...
2015-05-14 15:55:08,773 (main) INFO  [com.seabware.genesyx.codegen.CodeGenerator] - Domain validation process started...
2015-05-14 15:55:08,773 (main) INFO  [com.seabware.genesyx.codegen.CodeGenerator] - Domain writing process started...
2015-05-14 15:55:08,773 (main) INFO  [com.seabware.genesyx.codegen.CodeGenerator] - Java Pojo's creation process started...
2015-05-14 15:55:08,774 (main) INFO  [JavaClassesGenerator] - Class Person generated!
2015-05-14 15:55:08,904 (main) INFO  [JavaClassesGenerator] - Class User generated!
2015-05-14 15:55:08,916 (main) INFO  [JavaClassesGenerator] - Class Customer generated!
